[2025-06-13 21:25:11] [INFO] \033[1mğŸ¯ Starting Master Testing Framework\033[0m
[2025-06-13 21:25:11] [INFO] \033[0;36mSelected tests: quick\033[0m
[2025-06-13 21:25:11] [INFO] \033[0;36mParallel execution: false\033[0m
[2025-06-13 21:25:11] [INFO] \033[0;36mResults directory: master_test_results_20250613_212511\033[0m
[2025-06-13 21:25:11] [INFO] \033[0;36mğŸ“‹ Prepared 1 test configuration(s)\033[0m
[2025-06-13 21:25:11] [INFO] \033[0;36mğŸ”„ Running tests sequentially...\033[0m
[2025-06-13 21:25:11] [INFO] \033[0;36mğŸš€ Starting Quick_Testing...\033[0m
[2025-06-13 21:25:11] [ERROR] \033[0;31mâŒ Quick_Testing failed after 0s\033[0m
[2025-06-13 21:25:11] [INFO] \033[0;36mğŸ“‹ Generating master test report...\033[0m
[2025-06-13 21:25:11] [INFO] \033[0;32mâœ… Master report generated: master_test_results_20250613_212511/MASTER_TEST_REPORT.md\033[0m
[2025-06-13 21:25:11] [INFO] \033[1;33mğŸ§¹ Cleaning up test files...\033[0m
[2025-06-13 21:25:11] [INFO] \033[0;32mâœ… Cleanup completed (reports preserved)\033[0m
[2025-06-13 21:25:11] [INFO] \033[1mğŸ‰ Master Testing Framework Complete!\033[0m
[2025-06-13 21:25:11] [INFO] \033[0;32mğŸ“Š Total execution time: 0s\033[0m
[2025-06-13 21:25:11] [ERROR] \033[0;31mâŒ Some tests failed - check individual reports\033[0m
